2025-09-02 10:47:53 [DEBUG][org.springframework.boot.availability.ApplicationAvailabilityBean][onApplicationEvent][77]-> Application availability state ReadinessState changed from ACCEPTING_TRAFFIC to REFUSING_TRAFFIC
2025-09-02 10:47:53 [DEBUG][org.springframework.boot.web.servlet.context.AnnotationConfigServletWebServerApplicationContext][doClose][1060]-> Closing org.springframework.boot.web.servlet.context.AnnotationConfigServletWebServerApplicationContext@6f0ca692, started on Tue Sep 02 10:35:43 CST 2025
2025-09-02 10:47:53 [DEBUG][org.springframework.boot.context.properties.source.ConfigurationPropertySourcesPropertyResolver$DefaultResolver][logKeyFound][115]-> Found key 'spring.liveBeansView.mbeanDomain' in PropertySource 'systemProperties' with value of type String
2025-09-02 10:47:53 [DEBUG][org.springframework.context.support.DefaultLifecycleProcessor][stop][366]-> Stopping beans in phase 2147483647
2025-09-02 10:47:53 [DEBUG][org.springframework.context.support.DefaultLifecycleProcessor][lambda$doStop$3][239]-> Bean 'container' completed its stop procedure
2025-09-02 10:47:53 [DEBUG][org.springframework.context.support.DefaultLifecycleProcessor][lambda$doStop$3][239]-> Bean 'webServerGracefulShutdown' completed its stop procedure
2025-09-02 10:47:53 [DEBUG][org.springframework.context.support.DefaultLifecycleProcessor][stop][366]-> Stopping beans in phase 2147483646
2025-09-02 10:47:53 [DEBUG][org.springframework.context.support.DefaultLifecycleProcessor][lambda$doStop$3][239]-> Bean 'webServerStartStop' completed its stop procedure
2025-09-02 10:47:53 [DEBUG][org.springframework.context.support.DefaultLifecycleProcessor][stop][366]-> Stopping beans in phase -2147483647
2025-09-02 10:47:53 [DEBUG][org.springframework.context.support.DefaultLifecycleProcessor][lambda$doStop$3][239]-> Bean 'springBootLoggingLifecycle' completed its stop procedure
2025-09-02 10:47:53 [DEBUG][org.springframework.scheduling.concurrent.ThreadPoolTaskScheduler][shutdown][224]-> Shutting down ExecutorService 'taskScheduler'
2025-09-02 10:47:53 [DEBUG][org.apache.http.impl.nio.conn.PoolingNHttpClientConnectionManager][shutdown][232]-> Connection manager is shutting down
2025-09-02 10:47:53 [DEBUG][org.apache.http.impl.nio.conn.PoolingNHttpClientConnectionManager][shutdown][234]-> Connection manager shut down
2025-09-02 10:47:53 [DEBUG][org.springframework.jmx.export.annotation.AnnotationMBeanExporter][destroy][452]-> Unregistering JMX-exposed beans on shutdown
2025-09-02 10:47:53 [DEBUG][org.springframework.jmx.export.annotation.AnnotationMBeanExporter][unregisterBeans][186]-> Unregistering JMX-exposed beans
2025-09-02 10:47:53 [DEBUG][org.springframework.scheduling.concurrent.ThreadPoolTaskExecutor][shutdown][224]-> Shutting down ExecutorService 'applicationTaskExecutor'
2025-09-02 10:47:53 [DEBUG][io.netty.buffer.PoolThreadCache][free][221]-> Freed 12 thread-local buffer(s) from thread: lettuce-nioEventLoop-4-1
2025-09-02 11:05:43 [DEBUG][org.springframework.boot.availability.ApplicationAvailabilityBean][onApplicationEvent][77]-> Application availability state ReadinessState changed from ACCEPTING_TRAFFIC to REFUSING_TRAFFIC
2025-09-02 11:05:43 [DEBUG][org.springframework.boot.web.servlet.context.AnnotationConfigServletWebServerApplicationContext][doClose][1060]-> Closing org.springframework.boot.web.servlet.context.AnnotationConfigServletWebServerApplicationContext@5860f3d7, started on Tue Sep 02 08:49:09 CST 2025
2025-09-02 11:05:44 [DEBUG][org.springframework.boot.context.properties.source.ConfigurationPropertySourcesPropertyResolver$DefaultResolver][logKeyFound][115]-> Found key 'spring.liveBeansView.mbeanDomain' in PropertySource 'systemProperties' with value of type String
2025-09-02 11:05:44 [DEBUG][org.springframework.context.support.DefaultLifecycleProcessor][stop][366]-> Stopping beans in phase 2147483647
2025-09-02 11:05:44 [DEBUG][org.springframework.context.support.DefaultLifecycleProcessor][lambda$doStop$3][239]-> Bean 'container' completed its stop procedure
2025-09-02 11:05:45 [DEBUG][org.springframework.context.support.DefaultLifecycleProcessor][lambda$doStop$3][239]-> Bean 'webServerGracefulShutdown' completed its stop procedure
2025-09-02 11:05:45 [DEBUG][org.springframework.context.support.DefaultLifecycleProcessor][stop][366]-> Stopping beans in phase 2147483646
2025-09-02 11:05:46 [DEBUG][org.springframework.context.support.DefaultLifecycleProcessor][lambda$doStop$3][239]-> Bean 'webServerStartStop' completed its stop procedure
2025-09-02 11:05:46 [DEBUG][org.springframework.context.support.DefaultLifecycleProcessor][stop][366]-> Stopping beans in phase -2147483647
2025-09-02 11:05:46 [DEBUG][org.springframework.context.support.DefaultLifecycleProcessor][lambda$doStop$3][239]-> Bean 'springBootLoggingLifecycle' completed its stop procedure
2025-09-02 11:05:46 [DEBUG][org.springframework.scheduling.concurrent.ThreadPoolTaskScheduler][shutdown][224]-> Shutting down ExecutorService 'taskScheduler'
2025-09-02 11:05:46 [DEBUG][org.apache.http.impl.nio.conn.PoolingNHttpClientConnectionManager][shutdown][232]-> Connection manager is shutting down
2025-09-02 11:05:46 [DEBUG][org.apache.http.impl.nio.conn.PoolingNHttpClientConnectionManager][shutdown][234]-> Connection manager shut down
2025-09-02 11:05:46 [DEBUG][org.springframework.jmx.export.annotation.AnnotationMBeanExporter][destroy][452]-> Unregistering JMX-exposed beans on shutdown
2025-09-02 11:05:46 [DEBUG][org.springframework.jmx.export.annotation.AnnotationMBeanExporter][unregisterBeans][186]-> Unregistering JMX-exposed beans
2025-09-02 11:05:46 [DEBUG][org.springframework.scheduling.concurrent.ThreadPoolTaskExecutor][shutdown][224]-> Shutting down ExecutorService 'applicationTaskExecutor'
2025-09-02 11:05:46 [INFO][com.zaxxer.hikari.HikariDataSource][close][350]-> HikariCPDatasource - Shutdown initiated...
2025-09-02 11:05:46 [INFO][com.zaxxer.hikari.HikariDataSource][close][352]-> HikariCPDatasource - Shutdown completed.
2025-09-02 11:05:47 [DEBUG][io.netty.buffer.PoolThreadCache][free][221]-> Freed 7 thread-local buffer(s) from thread: lettuce-nioEventLoop-4-1
2025-09-02 11:57:46 [DEBUG][org.springframework.web.servlet.DispatcherServlet][traceDebug][120]-> POST "/admin/categoryInfo/loadCategoryInfo", parameters={multipart}
2025-09-02 11:57:46 [DEBUG][org.springframework.web.servlet.mvc.method.annotation.RequestMappingHandlerMapping][getHandler][522]-> Mapped to com.easylive.admin.controller.CategoryInfoController#loadCategoryInfo(CategoryInfoQuery)
2025-09-02 11:57:46 [DEBUG][org.springframework.web.servlet.mvc.method.annotation.ExceptionHandlerExceptionResolver][doResolveHandlerMethodException][416]-> Using @ExceptionHandler com.easylive.admin.controller.AGlobalExceptionHandlerController#handleException(Exception, HttpServletRequest)
2025-09-02 11:57:46 [ERROR][com.easylive.admin.controller.AGlobalExceptionHandlerController][handleException][27]-> 请求错误，请求地址http://localhost:7070/admin/categoryInfo/loadCategoryInfo,错误信息:
org.apache.ibatis.binding.BindingException: Invalid bound statement (not found): com.easylive.mappers.CategoryInfoMapper.selectList
	at org.apache.ibatis.binding.MapperMethod$SqlCommand.<init>(MapperMethod.java:227)
	at org.apache.ibatis.binding.MapperMethod.<init>(MapperMethod.java:49)
	at org.apache.ibatis.binding.MapperProxy.cachedMapperMethod(MapperProxy.java:65)
	at org.apache.ibatis.binding.MapperProxy.invoke(MapperProxy.java:58)
	at com.sun.proxy.$Proxy82.selectList(Unknown Source)
	at com.easylive.service.impl.CategoryInfoServiceImpl.findListByParam(CategoryInfoServiceImpl.java:48)
	at com.easylive.admin.controller.CategoryInfoController.loadCategoryInfo(CategoryInfoController.java:32)
	at com.easylive.admin.controller.CategoryInfoController$$FastClassBySpringCGLIB$$6ed0ce28.invoke(<generated>)
	at org.springframework.cglib.proxy.MethodProxy.invoke(MethodProxy.java:218)
	at org.springframework.aop.framework.CglibAopProxy$CglibMethodInvocation.invokeJoinpoint(CglibAopProxy.java:792)
	at org.springframework.aop.framework.ReflectiveMethodInvocation.proceed(ReflectiveMethodInvocation.java:163)
	at org.springframework.aop.framework.CglibAopProxy$CglibMethodInvocation.proceed(CglibAopProxy.java:762)
	at org.springframework.validation.beanvalidation.MethodValidationInterceptor.invoke(MethodValidationInterceptor.java:123)
	at org.springframework.aop.framework.ReflectiveMethodInvocation.proceed(ReflectiveMethodInvocation.java:186)
	at org.springframework.aop.framework.CglibAopProxy$CglibMethodInvocation.proceed(CglibAopProxy.java:762)
	at org.springframework.aop.framework.CglibAopProxy$DynamicAdvisedInterceptor.intercept(CglibAopProxy.java:707)
	at com.easylive.admin.controller.CategoryInfoController$$EnhancerBySpringCGLIB$$42c6c877.loadCategoryInfo(<generated>)
	at sun.reflect.NativeMethodAccessorImpl.invoke0(Native Method)
	at sun.reflect.NativeMethodAccessorImpl.invoke(NativeMethodAccessorImpl.java:62)
	at sun.reflect.DelegatingMethodAccessorImpl.invoke(DelegatingMethodAccessorImpl.java:43)
	at java.lang.reflect.Method.invoke(Method.java:498)
	at org.springframework.web.method.support.InvocableHandlerMethod.doInvoke(InvocableHandlerMethod.java:205)
	at org.springframework.web.method.support.InvocableHandlerMethod.invokeForRequest(InvocableHandlerMethod.java:150)
	at org.springframework.web.servlet.mvc.method.annotation.ServletInvocableHandlerMethod.invokeAndHandle(ServletInvocableHandlerMethod.java:117)
	at org.springframework.web.servlet.mvc.method.annotation.RequestMappingHandlerAdapter.invokeHandlerMethod(RequestMappingHandlerAdapter.java:895)
	at org.springframework.web.servlet.mvc.method.annotation.RequestMappingHandlerAdapter.handleInternal(RequestMappingHandlerAdapter.java:808)
	at org.springframework.web.servlet.mvc.method.AbstractHandlerMethodAdapter.handle(AbstractHandlerMethodAdapter.java:87)
	at org.springframework.web.servlet.DispatcherServlet.doDispatch(DispatcherServlet.java:1072)
	at org.springframework.web.servlet.DispatcherServlet.doService(DispatcherServlet.java:965)
	at org.springframework.web.servlet.FrameworkServlet.processRequest(FrameworkServlet.java:1006)
	at org.springframework.web.servlet.FrameworkServlet.doPost(FrameworkServlet.java:909)
	at javax.servlet.http.HttpServlet.service(HttpServlet.java:555)
	at org.springframework.web.servlet.FrameworkServlet.service(FrameworkServlet.java:883)
	at javax.servlet.http.HttpServlet.service(HttpServlet.java:623)
	at org.apache.catalina.core.ApplicationFilterChain.internalDoFilter(ApplicationFilterChain.java:209)
	at org.apache.catalina.core.ApplicationFilterChain.doFilter(ApplicationFilterChain.java:153)
	at org.apache.tomcat.websocket.server.WsFilter.doFilter(WsFilter.java:51)
	at org.apache.catalina.core.ApplicationFilterChain.internalDoFilter(ApplicationFilterChain.java:178)
	at org.apache.catalina.core.ApplicationFilterChain.doFilter(ApplicationFilterChain.java:153)
	at org.springframework.web.filter.RequestContextFilter.doFilterInternal(RequestContextFilter.java:100)
	at org.springframework.web.filter.OncePerRequestFilter.doFilter(OncePerRequestFilter.java:117)
	at org.apache.catalina.core.ApplicationFilterChain.internalDoFilter(ApplicationFilterChain.java:178)
	at org.apache.catalina.core.ApplicationFilterChain.doFilter(ApplicationFilterChain.java:153)
	at org.springframework.web.filter.FormContentFilter.doFilterInternal(FormContentFilter.java:93)
	at org.springframework.web.filter.OncePerRequestFilter.doFilter(OncePerRequestFilter.java:117)
	at org.apache.catalina.core.ApplicationFilterChain.internalDoFilter(ApplicationFilterChain.java:178)
	at org.apache.catalina.core.ApplicationFilterChain.doFilter(ApplicationFilterChain.java:153)
	at org.springframework.web.filter.CharacterEncodingFilter.doFilterInternal(CharacterEncodingFilter.java:201)
	at org.springframework.web.filter.OncePerRequestFilter.doFilter(OncePerRequestFilter.java:117)
	at org.apache.catalina.core.ApplicationFilterChain.internalDoFilter(ApplicationFilterChain.java:178)
	at org.apache.catalina.core.ApplicationFilterChain.doFilter(ApplicationFilterChain.java:153)
	at org.apache.catalina.core.StandardWrapperValve.invoke(StandardWrapperValve.java:168)
	at org.apache.catalina.core.StandardContextValve.invoke(StandardContextValve.java:90)
	at org.apache.catalina.authenticator.AuthenticatorBase.invoke(AuthenticatorBase.java:481)
	at org.apache.catalina.core.StandardHostValve.invoke(StandardHostValve.java:130)
	at org.apache.catalina.valves.ErrorReportValve.invoke(ErrorReportValve.java:93)
	at org.apache.catalina.core.StandardEngineValve.invoke(StandardEngineValve.java:74)
	at org.apache.catalina.connector.CoyoteAdapter.service(CoyoteAdapter.java:342)
	at org.apache.coyote.http11.Http11Processor.service(Http11Processor.java:390)
	at org.apache.coyote.AbstractProcessorLight.process(AbstractProcessorLight.java:63)
	at org.apache.coyote.AbstractProtocol$ConnectionHandler.process(AbstractProtocol.java:928)
	at org.apache.tomcat.util.net.NioEndpoint$SocketProcessor.doRun(NioEndpoint.java:1794)
	at org.apache.tomcat.util.net.SocketProcessorBase.run(SocketProcessorBase.java:52)
	at org.apache.tomcat.util.threads.ThreadPoolExecutor.runWorker(ThreadPoolExecutor.java:1191)
	at org.apache.tomcat.util.threads.ThreadPoolExecutor$Worker.run(ThreadPoolExecutor.java:659)
	at org.apache.tomcat.util.threads.TaskThread$WrappingRunnable.run(TaskThread.java:61)
	at java.lang.Thread.run(Thread.java:750)
2025-09-02 11:57:46 [DEBUG][org.springframework.web.servlet.mvc.method.annotation.RequestResponseBodyMethodProcessor][writeWithMessageConverters][268]-> Using 'application/json', given [application/json, text/plain, */*] and supported [application/json, application/*+json, application/json, application/*+json, application/x-jackson-smile, application/cbor]
2025-09-02 11:57:46 [DEBUG][org.springframework.web.servlet.mvc.method.annotation.RequestResponseBodyMethodProcessor][traceDebug][120]-> Writing [com.easylive.entity.vo.ResponseVO@158c35a3]
2025-09-02 11:57:46 [DEBUG][org.springframework.web.servlet.mvc.method.annotation.ExceptionHandlerExceptionResolver][resolveException][146]-> Resolved [org.apache.ibatis.binding.BindingException: Invalid bound statement (not found): com.easylive.mappers.CategoryInfoMapper.selectList]
2025-09-02 11:57:46 [DEBUG][org.springframework.web.servlet.DispatcherServlet][logResult][1131]-> Completed 200 OK
2025-09-02 12:02:15 [DEBUG][org.springframework.boot.availability.ApplicationAvailabilityBean][onApplicationEvent][77]-> Application availability state ReadinessState changed from ACCEPTING_TRAFFIC to REFUSING_TRAFFIC
2025-09-02 12:02:15 [DEBUG][org.springframework.boot.web.servlet.context.AnnotationConfigServletWebServerApplicationContext][doClose][1060]-> Closing org.springframework.boot.web.servlet.context.AnnotationConfigServletWebServerApplicationContext@1d7f7be7, started on Tue Sep 02 11:43:29 CST 2025
2025-09-02 12:02:15 [DEBUG][org.springframework.boot.context.properties.source.ConfigurationPropertySourcesPropertyResolver$DefaultResolver][logKeyFound][115]-> Found key 'spring.liveBeansView.mbeanDomain' in PropertySource 'systemProperties' with value of type String
2025-09-02 12:02:15 [DEBUG][org.springframework.context.support.DefaultLifecycleProcessor][stop][366]-> Stopping beans in phase 2147483647
2025-09-02 12:02:15 [DEBUG][org.springframework.context.support.DefaultLifecycleProcessor][lambda$doStop$3][239]-> Bean 'container' completed its stop procedure
2025-09-02 12:02:15 [DEBUG][org.springframework.context.support.DefaultLifecycleProcessor][lambda$doStop$3][239]-> Bean 'webServerGracefulShutdown' completed its stop procedure
2025-09-02 12:02:15 [DEBUG][org.springframework.context.support.DefaultLifecycleProcessor][stop][366]-> Stopping beans in phase 2147483646
2025-09-02 12:02:15 [DEBUG][org.springframework.context.support.DefaultLifecycleProcessor][lambda$doStop$3][239]-> Bean 'webServerStartStop' completed its stop procedure
2025-09-02 12:02:15 [DEBUG][org.springframework.context.support.DefaultLifecycleProcessor][stop][366]-> Stopping beans in phase -2147483647
2025-09-02 12:02:15 [DEBUG][org.springframework.context.support.DefaultLifecycleProcessor][lambda$doStop$3][239]-> Bean 'springBootLoggingLifecycle' completed its stop procedure
2025-09-02 12:02:15 [DEBUG][org.springframework.scheduling.concurrent.ThreadPoolTaskScheduler][shutdown][224]-> Shutting down ExecutorService 'taskScheduler'
2025-09-02 12:02:15 [DEBUG][org.apache.http.impl.nio.conn.PoolingNHttpClientConnectionManager][shutdown][232]-> Connection manager is shutting down
2025-09-02 12:02:15 [DEBUG][org.apache.http.impl.nio.conn.PoolingNHttpClientConnectionManager][shutdown][234]-> Connection manager shut down
2025-09-02 12:02:15 [DEBUG][org.springframework.jmx.export.annotation.AnnotationMBeanExporter][destroy][452]-> Unregistering JMX-exposed beans on shutdown
2025-09-02 12:02:15 [DEBUG][org.springframework.jmx.export.annotation.AnnotationMBeanExporter][unregisterBeans][186]-> Unregistering JMX-exposed beans
2025-09-02 12:02:15 [DEBUG][org.springframework.scheduling.concurrent.ThreadPoolTaskExecutor][shutdown][224]-> Shutting down ExecutorService 'applicationTaskExecutor'
2025-09-02 12:02:16 [DEBUG][org.springframework.boot.availability.ApplicationAvailabilityBean][onApplicationEvent][77]-> Application availability state ReadinessState changed from ACCEPTING_TRAFFIC to REFUSING_TRAFFIC
2025-09-02 12:02:16 [DEBUG][org.springframework.boot.web.servlet.context.AnnotationConfigServletWebServerApplicationContext][doClose][1060]-> Closing org.springframework.boot.web.servlet.context.AnnotationConfigServletWebServerApplicationContext@2c104774, started on Tue Sep 02 11:39:24 CST 2025
2025-09-02 12:02:16 [DEBUG][org.springframework.boot.context.properties.source.ConfigurationPropertySourcesPropertyResolver$DefaultResolver][logKeyFound][115]-> Found key 'spring.liveBeansView.mbeanDomain' in PropertySource 'systemProperties' with value of type String
2025-09-02 12:02:16 [DEBUG][org.springframework.context.support.DefaultLifecycleProcessor][stop][366]-> Stopping beans in phase 2147483647
2025-09-02 12:02:16 [DEBUG][org.springframework.context.support.DefaultLifecycleProcessor][lambda$doStop$3][239]-> Bean 'container' completed its stop procedure
2025-09-02 12:02:16 [DEBUG][org.springframework.context.support.DefaultLifecycleProcessor][lambda$doStop$3][239]-> Bean 'webServerGracefulShutdown' completed its stop procedure
2025-09-02 12:02:16 [DEBUG][org.springframework.context.support.DefaultLifecycleProcessor][stop][366]-> Stopping beans in phase 2147483646
2025-09-02 12:02:17 [DEBUG][org.springframework.context.support.DefaultLifecycleProcessor][lambda$doStop$3][239]-> Bean 'webServerStartStop' completed its stop procedure
2025-09-02 12:02:17 [DEBUG][org.springframework.context.support.DefaultLifecycleProcessor][stop][366]-> Stopping beans in phase -2147483647
2025-09-02 12:02:17 [DEBUG][org.springframework.context.support.DefaultLifecycleProcessor][lambda$doStop$3][239]-> Bean 'springBootLoggingLifecycle' completed its stop procedure
2025-09-02 12:02:17 [DEBUG][org.springframework.scheduling.concurrent.ThreadPoolTaskScheduler][shutdown][224]-> Shutting down ExecutorService 'taskScheduler'
2025-09-02 12:02:17 [DEBUG][org.apache.http.impl.nio.conn.PoolingNHttpClientConnectionManager][shutdown][232]-> Connection manager is shutting down
2025-09-02 12:02:17 [DEBUG][org.apache.http.impl.nio.conn.PoolingNHttpClientConnectionManager][shutdown][234]-> Connection manager shut down
2025-09-02 12:02:17 [DEBUG][org.springframework.jmx.export.annotation.AnnotationMBeanExporter][destroy][452]-> Unregistering JMX-exposed beans on shutdown
2025-09-02 12:02:17 [DEBUG][org.springframework.jmx.export.annotation.AnnotationMBeanExporter][unregisterBeans][186]-> Unregistering JMX-exposed beans
2025-09-02 12:02:17 [DEBUG][org.springframework.scheduling.concurrent.ThreadPoolTaskExecutor][shutdown][224]-> Shutting down ExecutorService 'applicationTaskExecutor'
